Using pre-set license
Built from '2021.1/staging' branch; Version is '2021.1.3f1 (4bef613afd59) revision 4976481'; Using compiler version '192528614'; Build Type 'Release'
OS: 'Windows 10 Pro; OS build 19042.928; Version 2009; 64bit' Language: 'en' Physical Memory: 8081 MB
BatchMode: 1, IsHumanControllingUs: 0, StartBugReporterOnCrash: 0, Is64bit: 1, IsPro: 0

 COMMAND LINE ARGUMENTS:
C:\Program Files\Unity\Hub\Editor\2021.1.3f1\Editor\Unity.exe
-adb2
-batchMode
-noUpm
-name
AssetImportWorker0
-projectPath
C:/Users/syldk/Desktop/m/NewPlatformer-main/Platformer
-logFile
Logs/AssetImportWorker0.log
-srvPort
58838
Successfully changed project path to: C:/Users/syldk/Desktop/m/NewPlatformer-main/Platformer
C:/Users/syldk/Desktop/m/NewPlatformer-main/Platformer
Using Asset Import Pipeline V2.
Refreshing native plugins compatible for Editor in 61.35 ms, found 1 plugins.
Preloading 0 native plugins for Editor in 0.00 ms.
Initialize engine version: 2021.1.3f1 (4bef613afd59)
[Subsystems] Discovering subsystems at path C:/Program Files/Unity/Hub/Editor/2021.1.3f1/Editor/Data/Resources/UnitySubsystems
[Subsystems] Discovering subsystems at path C:/Users/syldk/Desktop/m/NewPlatformer-main/Platformer/Assets
GfxDevice: creating device client; threaded=0; jobified=0
Direct3D:
    Version:  Direct3D 11.0 [level 11.1]
    Renderer: Intel(R) HD Graphics 4600 (ID=0x412)
    Vendor:   Intel
    VRAM:     2048 MB
    Driver:   20.19.15.5063
Initialize mono
Mono path[0] = 'C:/Program Files/Unity/Hub/Editor/2021.1.3f1/Editor/Data/Managed'
Mono path[1] = 'C:/Program Files/Unity/Hub/Editor/2021.1.3f1/Editor/Data/MonoBleedingEdge/lib/mono/unityjit'
Mono config path = 'C:/Program Files/Unity/Hub/Editor/2021.1.3f1/Editor/Data/MonoBleedingEdge/etc'
Using monoOptions --debugger-agent=transport=dt_socket,embedding=1,server=y,suspend=n,address=127.0.0.1:56204
Begin MonoManager ReloadAssembly
Registering precompiled unity dll's ...
Register platform support module: C:/Program Files/Unity/Hub/Editor/2021.1.3f1/Editor/Data/PlaybackEngines/WindowsStandaloneSupport/UnityEditor.WindowsStandalone.Extensions.dll
Registered in 0.004576 seconds.
Native extension for WindowsStandalone target not found
Refreshing native plugins compatible for Editor in 61.83 ms, found 1 plugins.
Preloading 0 native plugins for Editor in 0.00 ms.
Mono: successfully reloaded assembly
- Completed reload, in  2.226 seconds
Platform modules already initialized, skipping
Registering precompiled user dll's ...
Registered in 0.002040 seconds.
Begin MonoManager ReloadAssembly
Native extension for WindowsStandalone target not found
Refreshing native plugins compatible for Editor in 61.31 ms, found 1 plugins.
Preloading 0 native plugins for Editor in 0.00 ms.
Mono: successfully reloaded assembly
- Completed reload, in  1.696 seconds
Platform modules already initialized, skipping
========================================================================
Worker process is ready to serve import requests
Launched and connected shader compiler UnityShaderCompiler.exe after 0.07 seconds
Refreshing native plugins compatible for Editor in 0.51 ms, found 1 plugins.
Preloading 0 native plugins for Editor in 0.00 ms.
Unloading 1843 Unused Serialized files (Serialized files now loaded: 0)
System memory in use before: 87.5 MB.
System memory in use after: 87.6 MB.

Unloading 19 unused Assets to reduce memory usage. Loaded Objects now: 2306.
Total: 4.228700 ms (FindLiveObjects: 0.306500 ms CreateObjectMapping: 0.315300 ms MarkObjects: 3.505100 ms  DeleteObjects: 0.099700 ms)

========================================================================
Received Import Request.
  path: Assets/Stuffs/Scripts/sinitegelane.cs
  artifactKey: Guid(a3175f46a8680da4fadc3a1331fe4d20) Importer(815301076,1909f56bfc062723c751e8b465ee728b)
Start importing Assets/Stuffs/Scripts/sinitegelane.cs using Guid(a3175f46a8680da4fadc3a1331fe4d20) Importer(815301076,1909f56bfc062723c751e8b465ee728b)  -> (artifact id: '89c35e2607e84bb4e28eb224ac1a8a8d') in 0.055760 seconds 
========================================================================
Received Prepare
Refreshing native plugins compatible for Editor in 4.67 ms, found 1 plugins.
Preloading 0 native plugins for Editor in 0.00 ms.
Unloading 5 Unused Serialized files (Serialized files now loaded: 0)
System memory in use before: 50.5 MB.
System memory in use after: 50.6 MB.

Unloading 5 unused Assets to reduce memory usage. Loaded Objects now: 2306.
Total: 3.975200 ms (FindLiveObjects: 0.269500 ms CreateObjectMapping: 0.186200 ms MarkObjects: 3.497100 ms  DeleteObjects: 0.020100 ms)

========================================================================
Received Prepare
Registering precompiled user dll's ...
Registered in 0.002166 seconds.
Begin MonoManager ReloadAssembly
Native extension for WindowsStandalone target not found
Refreshing native plugins compatible for Editor in 0.53 ms, found 1 plugins.
Preloading 0 native plugins for Editor in 0.00 ms.
Mono: successfully reloaded assembly
- Completed reload, in  1.689 seconds
Platform modules already initialized, skipping
Refreshing native plugins compatible for Editor in 1.11 ms, found 1 plugins.
Preloading 0 native plugins for Editor in 0.00 ms.
Unloading 1833 Unused Serialized files (Serialized files now loaded: 0)
System memory in use before: 87.0 MB.
System memory in use after: 87.1 MB.

Unloading 7 unused Assets to reduce memory usage. Loaded Objects now: 2310.
Total: 3.738000 ms (FindLiveObjects: 0.253500 ms CreateObjectMapping: 0.270200 ms MarkObjects: 3.191900 ms  DeleteObjects: 0.020600 ms)

========================================================================
Received Prepare
Registering precompiled user dll's ...
Registered in 0.003757 seconds.
Begin MonoManager ReloadAssembly
Native extension for WindowsStandalone target not found
Refreshing native plugins compatible for Editor in 0.51 ms, found 1 plugins.
Preloading 0 native plugins for Editor in 0.00 ms.
Mono: successfully reloaded assembly
- Completed reload, in  1.644 seconds
Platform modules already initialized, skipping
Refreshing native plugins compatible for Editor in 0.53 ms, found 1 plugins.
Preloading 0 native plugins for Editor in 0.00 ms.
Unloading 1833 Unused Serialized files (Serialized files now loaded: 0)
System memory in use before: 87.0 MB.
System memory in use after: 87.1 MB.

Unloading 7 unused Assets to reduce memory usage. Loaded Objects now: 2314.
Total: 3.217900 ms (FindLiveObjects: 0.266600 ms CreateObjectMapping: 0.192700 ms MarkObjects: 2.736500 ms  DeleteObjects: 0.020500 ms)

========================================================================
Received Prepare
Registering precompiled user dll's ...
Registered in 0.011639 seconds.
Begin MonoManager ReloadAssembly
Native extension for WindowsStandalone target not found
Refreshing native plugins compatible for Editor in 0.65 ms, found 1 plugins.
Preloading 0 native plugins for Editor in 0.00 ms.
Mono: successfully reloaded assembly
- Completed reload, in  2.852 seconds
Platform modules already initialized, skipping
Refreshing native plugins compatible for Editor in 6.61 ms, found 1 plugins.
Preloading 0 native plugins for Editor in 0.00 ms.
Unloading 1833 Unused Serialized files (Serialized files now loaded: 0)
System memory in use before: 87.1 MB.
System memory in use after: 87.2 MB.

Unloading 7 unused Assets to reduce memory usage. Loaded Objects now: 2318.
Total: 4.909700 ms (FindLiveObjects: 0.764700 ms CreateObjectMapping: 0.235000 ms MarkObjects: 3.887300 ms  DeleteObjects: 0.020400 ms)

========================================================================
Received Import Request.
  Time since last request: 1506.487408 seconds.
  path: Assets/Stuffs/Scripts/SCRIPTS platformer
  artifactKey: Guid(68168f1871b71f94facd17b7dd854882) Importer(815301076,1909f56bfc062723c751e8b465ee728b)
Start importing Assets/Stuffs/Scripts/SCRIPTS platformer using Guid(68168f1871b71f94facd17b7dd854882) Importer(815301076,1909f56bfc062723c751e8b465ee728b)  -> (artifact id: 'e834b844c004cdd3232736656e00a346') in 0.135984 seconds 
========================================================================
Received Import Request.
  Time since last request: 3.901572 seconds.
  path: Assets/Stuffs
  artifactKey: Guid(6d9cb0e01e428a04ba04ed83d0503117) Importer(815301076,1909f56bfc062723c751e8b465ee728b)
Start importing Assets/Stuffs using Guid(6d9cb0e01e428a04ba04ed83d0503117) Importer(815301076,1909f56bfc062723c751e8b465ee728b)  -> (artifact id: '16c505331ea2c244649342b713d884ab') in 0.018171 seconds 
========================================================================
Received Import Request.
  Time since last request: 3.947784 seconds.
  path: Assets/Stuffs/Level Design
  artifactKey: Guid(930930a64c3e9a942a7edd3c55a4e4b4) Importer(815301076,1909f56bfc062723c751e8b465ee728b)
Start importing Assets/Stuffs/Level Design using Guid(930930a64c3e9a942a7edd3c55a4e4b4) Importer(815301076,1909f56bfc062723c751e8b465ee728b)  -> (artifact id: '58cd28585e5829fe22d369f1dee88b13') in 0.024164 seconds 
========================================================================
Received Import Request.
  Time since last request: 4.498075 seconds.
  path: Assets/Stuffs/Sprites
  artifactKey: Guid(2829f4962bac6bb45b710668a0b70d47) Importer(815301076,1909f56bfc062723c751e8b465ee728b)
Start importing Assets/Stuffs/Sprites using Guid(2829f4962bac6bb45b710668a0b70d47) Importer(815301076,1909f56bfc062723c751e8b465ee728b)  -> (artifact id: 'c4f2b4ab0d8bcc3eb855dc7b12b6ec93') in 0.030795 seconds 
========================================================================
Received Import Request.
  Time since last request: 4.730926 seconds.
  path: Assets/Stuffs/Sprites/Items
  artifactKey: Guid(37934da23e805e046a6a6e3b4fe107df) Importer(815301076,1909f56bfc062723c751e8b465ee728b)
Start importing Assets/Stuffs/Sprites/Items using Guid(37934da23e805e046a6a6e3b4fe107df) Importer(815301076,1909f56bfc062723c751e8b465ee728b)  -> (artifact id: '3965cf632d3843bb0b3e3b945d9c8735') in 0.033919 seconds 
========================================================================
Received Import Request.
  Time since last request: 2.162047 seconds.
  path: Assets/Stuffs/Sprites/Items/Potions
  artifactKey: Guid(bc4eee1d9d2e54f45a173f458129cd42) Importer(815301076,1909f56bfc062723c751e8b465ee728b)
Start importing Assets/Stuffs/Sprites/Items/Potions using Guid(bc4eee1d9d2e54f45a173f458129cd42) Importer(815301076,1909f56bfc062723c751e8b465ee728b)  -> (artifact id: '0748ca3495faa2ec4b12508221131559') in 0.030123 seconds 
========================================================================
Received Import Request.
  Time since last request: 3.091776 seconds.
  path: Assets/Stuffs/Sprites/Items/Shining
  artifactKey: Guid(a9159b185545a604c92c44b6baaaeb7b) Importer(815301076,1909f56bfc062723c751e8b465ee728b)
Start importing Assets/Stuffs/Sprites/Items/Shining using Guid(a9159b185545a604c92c44b6baaaeb7b) Importer(815301076,1909f56bfc062723c751e8b465ee728b)  -> (artifact id: '3c0901533f33d251ac66e0128fd276b8') in 0.027769 seconds 
========================================================================
Received Import Request.
  Time since last request: 1.231107 seconds.
  path: Assets/Stuffs/Sprites/Items/Shining/Health
  artifactKey: Guid(85babe8f8e5ac4141b712758d53f9ff7) Importer(815301076,1909f56bfc062723c751e8b465ee728b)
Start importing Assets/Stuffs/Sprites/Items/Shining/Health using Guid(85babe8f8e5ac4141b712758d53f9ff7) Importer(815301076,1909f56bfc062723c751e8b465ee728b)  -> (artifact id: '334cf0fd39f7835761370c8fdadcb077') in 0.021767 seconds 
========================================================================
Received Import Request.
  Time since last request: 824.147079 seconds.
  path: Assets/Stuffs/Scripts
  artifactKey: Guid(d70ff5aac4edae943a471240d6eddc42) Importer(815301076,1909f56bfc062723c751e8b465ee728b)
Start importing Assets/Stuffs/Scripts using Guid(d70ff5aac4edae943a471240d6eddc42) Importer(815301076,1909f56bfc062723c751e8b465ee728b)  -> (artifact id: '75021efc4a31ccffd3cac38c296dbab2') in 0.073226 seconds 
========================================================================
Received Import Request.
  Time since last request: 238.058841 seconds.
  path: Assets/Stuffs/Sprites/Items/Potions/Health.png
  artifactKey: Guid(c4fe406430c3c8c459b64a133a4ee916) Importer(815301076,1909f56bfc062723c751e8b465ee728b)
Start importing Assets/Stuffs/Sprites/Items/Potions/Health.png using Guid(c4fe406430c3c8c459b64a133a4ee916) Importer(815301076,1909f56bfc062723c751e8b465ee728b)  -> (artifact id: 'a11ce90f99522c607f462c2e2968ec77') in 1.855709 seconds 
========================================================================
Received Prepare
Registering precompiled user dll's ...
Registered in 0.001977 seconds.
Begin MonoManager ReloadAssembly
Native extension for WindowsStandalone target not found
Refreshing native plugins compatible for Editor in 0.94 ms, found 1 plugins.
Preloading 0 native plugins for Editor in 0.00 ms.
Mono: successfully reloaded assembly
- Completed reload, in  3.403 seconds
Platform modules already initialized, skipping
Refreshing native plugins compatible for Editor in 3.42 ms, found 1 plugins.
Preloading 0 native plugins for Editor in 0.00 ms.
Unloading 1835 Unused Serialized files (Serialized files now loaded: 0)
System memory in use before: 91.5 MB.
System memory in use after: 91.7 MB.

Unloading 7 unused Assets to reduce memory usage. Loaded Objects now: 2344.
Total: 7.853800 ms (FindLiveObjects: 0.294400 ms CreateObjectMapping: 0.206000 ms MarkObjects: 7.322800 ms  DeleteObjects: 0.028400 ms)

========================================================================
Received Prepare
Registering precompiled user dll's ...
Registered in 0.002199 seconds.
Begin MonoManager ReloadAssembly
Native extension for WindowsStandalone target not found
Refreshing native plugins compatible for Editor in 1.29 ms, found 1 plugins.
Preloading 0 native plugins for Editor in 0.00 ms.
Mono: successfully reloaded assembly
- Completed reload, in  1.862 seconds
Platform modules already initialized, skipping
Refreshing native plugins compatible for Editor in 0.53 ms, found 1 plugins.
Preloading 0 native plugins for Editor in 0.00 ms.
Unloading 1834 Unused Serialized files (Serialized files now loaded: 0)
System memory in use before: 91.5 MB.
System memory in use after: 91.6 MB.

Unloading 7 unused Assets to reduce memory usage. Loaded Objects now: 2348.
Total: 3.833300 ms (FindLiveObjects: 0.441800 ms CreateObjectMapping: 0.246000 ms MarkObjects: 3.104400 ms  DeleteObjects: 0.022800 ms)

========================================================================
Received Prepare
Registering precompiled user dll's ...
Registered in 0.003854 seconds.
Begin MonoManager ReloadAssembly
Native extension for WindowsStandalone target not found
Refreshing native plugins compatible for Editor in 1.30 ms, found 1 plugins.
Preloading 0 native plugins for Editor in 0.00 ms.
Mono: successfully reloaded assembly
- Completed reload, in  3.984 seconds
Platform modules already initialized, skipping
Refreshing native plugins compatible for Editor in 1.13 ms, found 1 plugins.
Preloading 0 native plugins for Editor in 0.00 ms.
Unloading 1834 Unused Serialized files (Serialized files now loaded: 0)
System memory in use before: 91.5 MB.
System memory in use after: 91.6 MB.

Unloading 7 unused Assets to reduce memory usage. Loaded Objects now: 2352.
Total: 6.274500 ms (FindLiveObjects: 0.705900 ms CreateObjectMapping: 0.270800 ms MarkObjects: 5.265100 ms  DeleteObjects: 0.028200 ms)

========================================================================
Received Prepare
Registering precompiled user dll's ...
Registered in 0.009117 seconds.
Begin MonoManager ReloadAssembly
Native extension for WindowsStandalone target not found
Refreshing native plugins compatible for Editor in 0.59 ms, found 1 plugins.
Preloading 0 native plugins for Editor in 0.00 ms.
Mono: successfully reloaded assembly
- Completed reload, in  2.691 seconds
Platform modules already initialized, skipping
Refreshing native plugins compatible for Editor in 0.95 ms, found 1 plugins.
Preloading 0 native plugins for Editor in 0.00 ms.
Unloading 1834 Unused Serialized files (Serialized files now loaded: 0)
System memory in use before: 91.5 MB.
System memory in use after: 91.6 MB.

Unloading 7 unused Assets to reduce memory usage. Loaded Objects now: 2356.
Total: 5.590600 ms (FindLiveObjects: 1.334100 ms CreateObjectMapping: 0.238000 ms MarkObjects: 3.918800 ms  DeleteObjects: 0.026500 ms)

========================================================================
Received Prepare
Registering precompiled user dll's ...
Registered in 0.005421 seconds.
Begin MonoManager ReloadAssembly
Native extension for WindowsStandalone target not found
Refreshing native plugins compatible for Editor in 0.72 ms, found 1 plugins.
Preloading 0 native plugins for Editor in 0.00 ms.
Mono: successfully reloaded assembly
- Completed reload, in  3.108 seconds
Platform modules already initialized, skipping
Refreshing native plugins compatible for Editor in 5.29 ms, found 1 plugins.
Preloading 0 native plugins for Editor in 0.00 ms.
Unloading 1834 Unused Serialized files (Serialized files now loaded: 0)
System memory in use before: 91.5 MB.
System memory in use after: 91.7 MB.

Unloading 7 unused Assets to reduce memory usage. Loaded Objects now: 2360.
Total: 12.364200 ms (FindLiveObjects: 0.484800 ms CreateObjectMapping: 0.204900 ms MarkObjects: 11.640100 ms  DeleteObjects: 0.032000 ms)

========================================================================
Received Prepare
Registering precompiled user dll's ...
Registered in 0.015505 seconds.
Begin MonoManager ReloadAssembly
Native extension for WindowsStandalone target not found
Refreshing native plugins compatible for Editor in 0.59 ms, found 1 plugins.
Preloading 0 native plugins for Editor in 0.00 ms.
Mono: successfully reloaded assembly
- Completed reload, in  2.597 seconds
Platform modules already initialized, skipping
Refreshing native plugins compatible for Editor in 0.51 ms, found 1 plugins.
Preloading 0 native plugins for Editor in 0.00 ms.
Unloading 1834 Unused Serialized files (Serialized files now loaded: 0)
System memory in use before: 91.5 MB.
System memory in use after: 91.7 MB.

Unloading 7 unused Assets to reduce memory usage. Loaded Objects now: 2364.
Total: 3.082200 ms (FindLiveObjects: 0.236500 ms CreateObjectMapping: 0.121200 ms MarkObjects: 2.704900 ms  DeleteObjects: 0.017500 ms)

========================================================================
Received Prepare
Registering precompiled user dll's ...
Registered in 0.004785 seconds.
Begin MonoManager ReloadAssembly
Native extension for WindowsStandalone target not found
Refreshing native plugins compatible for Editor in 0.53 ms, found 1 plugins.
Preloading 0 native plugins for Editor in 0.00 ms.
Mono: successfully reloaded assembly
- Completed reload, in  2.457 seconds
Platform modules already initialized, skipping
Refreshing native plugins compatible for Editor in 0.74 ms, found 1 plugins.
Preloading 0 native plugins for Editor in 0.00 ms.
Unloading 1834 Unused Serialized files (Serialized files now loaded: 0)
System memory in use before: 91.6 MB.
System memory in use after: 91.7 MB.

Unloading 7 unused Assets to reduce memory usage. Loaded Objects now: 2368.
Total: 7.893200 ms (FindLiveObjects: 0.219200 ms CreateObjectMapping: 0.167400 ms MarkObjects: 7.478300 ms  DeleteObjects: 0.026300 ms)

========================================================================
Received Import Request.
  Time since last request: 1266.852890 seconds.
  path: Assets/Stuffs/Sprites/Items/Shining/Power Ups
  artifactKey: Guid(cbfd2b3d89f523042920a2db21bff2b3) Importer(815301076,1909f56bfc062723c751e8b465ee728b)
Start importing Assets/Stuffs/Sprites/Items/Shining/Power Ups using Guid(cbfd2b3d89f523042920a2db21bff2b3) Importer(815301076,1909f56bfc062723c751e8b465ee728b)  -> (artifact id: '3e76fe00ff80d0f39453459781f8c533') in 0.022630 seconds 
========================================================================
Received Import Request.
  Time since last request: 3.104707 seconds.
  path: Assets/Stuffs/Sprites/Items/Shining/Coin
  artifactKey: Guid(c6ced4efc11477b4783dcbf71730eddf) Importer(815301076,1909f56bfc062723c751e8b465ee728b)
Start importing Assets/Stuffs/Sprites/Items/Shining/Coin using Guid(c6ced4efc11477b4783dcbf71730eddf) Importer(815301076,1909f56bfc062723c751e8b465ee728b)  -> (artifact id: '2d57f2ac3360321b7bbefcf9360e5431') in 0.033375 seconds 
========================================================================
Received Import Request.
  Time since last request: 38.852935 seconds.
  path: Assets/Stuffs/Sprites/Items/Shining/Power Ups/frame-10.png
  artifactKey: Guid(6450b8a0b7726314bbbf2727bfa20ace) Importer(815301076,1909f56bfc062723c751e8b465ee728b)
Start importing Assets/Stuffs/Sprites/Items/Shining/Power Ups/frame-10.png using Guid(6450b8a0b7726314bbbf2727bfa20ace) Importer(815301076,1909f56bfc062723c751e8b465ee728b)  -> (artifact id: 'a5eccd19d1fff9a34e06dab5f633f403') in 0.171855 seconds 
========================================================================
Received Prepare
Registering precompiled user dll's ...
Registered in 0.005101 seconds.
Begin MonoManager ReloadAssembly
Native extension for WindowsStandalone target not found
Refreshing native plugins compatible for Editor in 0.71 ms, found 1 plugins.
Preloading 0 native plugins for Editor in 0.00 ms.
Mono: successfully reloaded assembly
- Completed reload, in  2.555 seconds
Platform modules already initialized, skipping
Refreshing native plugins compatible for Editor in 1.04 ms, found 1 plugins.
Preloading 0 native plugins for Editor in 0.00 ms.
Unloading 1835 Unused Serialized files (Serialized files now loaded: 0)
System memory in use before: 93.3 MB.
System memory in use after: 93.4 MB.

Unloading 7 unused Assets to reduce memory usage. Loaded Objects now: 2390.
Total: 3.928100 ms (FindLiveObjects: 0.339100 ms CreateObjectMapping: 0.186800 ms MarkObjects: 3.380600 ms  DeleteObjects: 0.019700 ms)

========================================================================
Received Prepare
Registering precompiled user dll's ...
Registered in 0.002407 seconds.
Begin MonoManager ReloadAssembly
Native extension for WindowsStandalone target not found
Refreshing native plugins compatible for Editor in 0.56 ms, found 1 plugins.
Preloading 0 native plugins for Editor in 0.00 ms.
Mono: successfully reloaded assembly
- Completed reload, in  6.367 seconds
Platform modules already initialized, skipping
Refreshing native plugins compatible for Editor in 0.73 ms, found 1 plugins.
Preloading 0 native plugins for Editor in 0.00 ms.
Unloading 1834 Unused Serialized files (Serialized files now loaded: 0)
System memory in use before: 93.3 MB.
System memory in use after: 93.4 MB.

Unloading 7 unused Assets to reduce memory usage. Loaded Objects now: 2394.
Total: 50.841600 ms (FindLiveObjects: 0.345900 ms CreateObjectMapping: 0.236100 ms MarkObjects: 50.231000 ms  DeleteObjects: 0.025200 ms)

========================================================================
Received Prepare
Registering precompiled user dll's ...
Registered in 0.013857 seconds.
Begin MonoManager ReloadAssembly
Native extension for WindowsStandalone target not found
Refreshing native plugins compatible for Editor in 0.51 ms, found 1 plugins.
Preloading 0 native plugins for Editor in 0.00 ms.
Mono: successfully reloaded assembly
- Completed reload, in  3.670 seconds
Platform modules already initialized, skipping
Refreshing native plugins compatible for Editor in 5.55 ms, found 1 plugins.
Preloading 0 native plugins for Editor in 0.00 ms.
Unloading 1835 Unused Serialized files (Serialized files now loaded: 0)
System memory in use before: 93.3 MB.
System memory in use after: 93.4 MB.

Unloading 7 unused Assets to reduce memory usage. Loaded Objects now: 2399.
Total: 3.721600 ms (FindLiveObjects: 0.331700 ms CreateObjectMapping: 0.208100 ms MarkObjects: 3.157300 ms  DeleteObjects: 0.022800 ms)

========================================================================
Received Import Request.
  Time since last request: 759.844739 seconds.
  path: Assets/Checkpoint.cs
  artifactKey: Guid(38315ad5b0ec3894599ea289dc51635f) Importer(815301076,1909f56bfc062723c751e8b465ee728b)
Start importing Assets/Checkpoint.cs using Guid(38315ad5b0ec3894599ea289dc51635f) Importer(815301076,1909f56bfc062723c751e8b465ee728b)  -> (artifact id: '7a960bcf4166e7f7586ddf5fb6f850e1') in 0.027567 seconds 
========================================================================
Received Import Request.
  Time since last request: 43.126258 seconds.
  path: Assets/Stuffs/Scripts/Checkpoint.cs
  artifactKey: Guid(bd06ccb9ea32e994b8469b38e300be99) Importer(815301076,1909f56bfc062723c751e8b465ee728b)
Start importing Assets/Stuffs/Scripts/Checkpoint.cs using Guid(bd06ccb9ea32e994b8469b38e300be99) Importer(815301076,1909f56bfc062723c751e8b465ee728b)  -> (artifact id: '92628fdfe57a8ad5ce627a799e327b8b') in 0.043068 seconds 
========================================================================
Received Prepare
Registering precompiled user dll's ...
Registered in 0.059958 seconds.
Begin MonoManager ReloadAssembly
Native extension for WindowsStandalone target not found
Refreshing native plugins compatible for Editor in 0.51 ms, found 1 plugins.
Preloading 0 native plugins for Editor in 0.00 ms.
Mono: successfully reloaded assembly
- Completed reload, in  2.913 seconds
Platform modules already initialized, skipping
Refreshing native plugins compatible for Editor in 0.64 ms, found 1 plugins.
Preloading 0 native plugins for Editor in 0.00 ms.
Unloading 1835 Unused Serialized files (Serialized files now loaded: 0)
System memory in use before: 93.3 MB.
System memory in use after: 93.4 MB.

Unloading 7 unused Assets to reduce memory usage. Loaded Objects now: 2403.
Total: 29.337900 ms (FindLiveObjects: 0.814400 ms CreateObjectMapping: 0.866700 ms MarkObjects: 27.621400 ms  DeleteObjects: 0.034100 ms)

========================================================================
Received Import Request.
  Time since last request: 1272.683894 seconds.
  path: ProjectSettings/TagManager.asset
  artifactKey: Guid(00000000000000003000000000000000) Importer(815301076,1909f56bfc062723c751e8b465ee728b)
Start importing ProjectSettings/TagManager.asset using Guid(00000000000000003000000000000000) Importer(815301076,1909f56bfc062723c751e8b465ee728b)  -> (artifact id: '89d9204859c89940a7117b129c21fcab') in 0.377393 seconds 
========================================================================
Received Prepare
Registering precompiled user dll's ...
Registered in 0.003201 seconds.
Begin MonoManager ReloadAssembly
Native extension for WindowsStandalone target not found
Refreshing native plugins compatible for Editor in 0.58 ms, found 1 plugins.
Preloading 0 native plugins for Editor in 0.00 ms.
Mono: successfully reloaded assembly
- Completed reload, in  3.938 seconds
Platform modules already initialized, skipping
Refreshing native plugins compatible for Editor in 2.54 ms, found 1 plugins.
Preloading 0 native plugins for Editor in 0.00 ms.
Unloading 1835 Unused Serialized files (Serialized files now loaded: 0)
System memory in use before: 93.3 MB.
System memory in use after: 93.4 MB.

Unloading 8 unused Assets to reduce memory usage. Loaded Objects now: 2407.
Total: 10.602100 ms (FindLiveObjects: 0.565600 ms CreateObjectMapping: 0.147000 ms MarkObjects: 9.530700 ms  DeleteObjects: 0.354000 ms)

========================================================================
Received Prepare
Registering precompiled user dll's ...
Registered in 0.002102 seconds.
Begin MonoManager ReloadAssembly
Native extension for WindowsStandalone target not found
Refreshing native plugins compatible for Editor in 0.51 ms, found 1 plugins.
Preloading 0 native plugins for Editor in 0.00 ms.
Mono: successfully reloaded assembly
- Completed reload, in  3.281 seconds
Platform modules already initialized, skipping
Refreshing native plugins compatible for Editor in 0.52 ms, found 1 plugins.
Preloading 0 native plugins for Editor in 0.00 ms.
Unloading 1835 Unused Serialized files (Serialized files now loaded: 0)
System memory in use before: 93.3 MB.
System memory in use after: 93.4 MB.

Unloading 7 unused Assets to reduce memory usage. Loaded Objects now: 2411.
Total: 3.257900 ms (FindLiveObjects: 0.219800 ms CreateObjectMapping: 0.173100 ms MarkObjects: 2.840800 ms  DeleteObjects: 0.022600 ms)

AssetImportWorkerClient::OnTransportError - code=2 error=End of file
